{
  "stats": {
    "suites": 4,
    "tests": 8,
    "passes": 8,
    "pending": 0,
    "failures": 0,
    "start": "2023-08-20T16:20:22.488Z",
    "end": "2023-08-20T16:20:30.317Z",
    "duration": 7829,
    "testsRegistered": 8,
    "passPercent": 100,
    "pendingPercent": 0,
    "other": 0,
    "hasOther": false,
    "skipped": 0,
    "hasSkipped": false
  },
  "results": [
    {
      "uuid": "dff75f66-d4e0-43e9-bc0d-08fcdac9afdf",
      "title": "",
      "fullFile": "",
      "file": "",
      "beforeHooks": [],
      "afterHooks": [],
      "tests": [],
      "suites": [
        {
          "uuid": "fdbd3b9a-671f-46bf-aef2-698cd3b9a770",
          "title": "Categories",
          "fullFile": "C:\\Users\\USER\\Documents\\sanberautoapi\\test\\api-test\\categories.test.js",
          "file": "\\test\\api-test\\categories.test.js",
          "beforeHooks": [],
          "afterHooks": [],
          "tests": [
            {
              "title": "5. Add categories successfully",
              "fullTitle": "Categories 5. Add categories successfully",
              "timedOut": false,
              "duration": 2290,
              "state": "passed",
              "speed": "slow",
              "pass": true,
              "fail": false,
              "pending": false,
              "context": null,
              "code": "const loginPage = new LoginPage(request_url);\nconst { data: { accessToken } } = await loginPage.login();\nconst headers = { Authorization: `Bearer ${accessToken}` };\n\n// Add categories\nconst response = await request(request_url)\n  .post(\"/categories\")\n  .set(headers)\n  .send({\n        name: \"snack\",\n        description: \"snack dari unilever\"    \n        })\n       \nassert(response.body).to.include.keys(\"status\",\"message\");\nassert(response.body.status).to.eql(\"success\");\nassert(response.body.message).to.eql(\"Category berhasil ditambahkan\");",
              "err": {},
              "uuid": "63dcf44c-715d-4e87-b11d-1b9b5460d227",
              "parentUUID": "fdbd3b9a-671f-46bf-aef2-698cd3b9a770",
              "isHook": false,
              "skipped": false
            },
            {
              "title": "6. Get categories list successfully",
              "fullTitle": "Categories 6. Get categories list successfully",
              "timedOut": false,
              "duration": 650,
              "state": "passed",
              "speed": "slow",
              "pass": true,
              "fail": false,
              "pending": false,
              "context": null,
              "code": "const loginPage = new LoginPage(request_url);\nconst { data: { accessToken } } = await loginPage.login();\nconst headers = { Authorization: `Bearer ${accessToken}` };\n\n// Get categories list\nconst response = await request(request_url)\n  .get(`/categories?q=snack&page=1`)\n  .set(headers)\n       \nassert(response.body).to.include.keys(\"status\");\nassert(response.body.status).to.eql(\"success\");",
              "err": {},
              "uuid": "b1966430-f9a0-4662-9d0a-1086fc529c23",
              "parentUUID": "fdbd3b9a-671f-46bf-aef2-698cd3b9a770",
              "isHook": false,
              "skipped": false
            }
          ],
          "suites": [],
          "passes": [
            "63dcf44c-715d-4e87-b11d-1b9b5460d227",
            "b1966430-f9a0-4662-9d0a-1086fc529c23"
          ],
          "failures": [],
          "pending": [],
          "skipped": [],
          "duration": 2940,
          "root": false,
          "rootEmpty": false,
          "_timeout": 2000
        },
        {
          "uuid": "4cb2b2ba-b1d3-4316-ba49-f4826a6ff367",
          "title": "Customer",
          "fullFile": "C:\\Users\\USER\\Documents\\sanberautoapi\\test\\api-test\\customer.test.js",
          "file": "\\test\\api-test\\customer.test.js",
          "beforeHooks": [],
          "afterHooks": [],
          "tests": [
            {
              "title": "7. Add customer successfully",
              "fullTitle": "Customer 7. Add customer successfully",
              "timedOut": false,
              "duration": 742,
              "state": "passed",
              "speed": "slow",
              "pass": true,
              "fail": false,
              "pending": false,
              "context": null,
              "code": "const loginPage = new LoginPage(request_url);\nconst { data: { accessToken } } = await loginPage.login();\nconst headers = { Authorization: `Bearer ${accessToken}` };\n\n// Add categories\nconst response = await request(request_url)\n  .post(\"/customers\")\n  .set(headers)\n  .send({\n    name: \"Melati\",\n    phone: \"081234567890\",\n    address: \"Jatinegara\",\n    description: \"customer royal\"\n        })\n       \nassert(response.body).to.include.keys(\"status\",\"message\");\nassert(response.body.status).to.eql(\"success\");\nassert(response.body.message).to.eql(\"Customer berhasil ditambahkan\");",
              "err": {},
              "uuid": "47629d0a-1ae9-4b65-8b5c-8afacda569b0",
              "parentUUID": "4cb2b2ba-b1d3-4316-ba49-f4826a6ff367",
              "isHook": false,
              "skipped": false
            },
            {
              "title": "8. Get customer detail",
              "fullTitle": "Customer 8. Get customer detail",
              "timedOut": false,
              "duration": 720,
              "state": "passed",
              "speed": "slow",
              "pass": true,
              "fail": false,
              "pending": false,
              "context": null,
              "code": "const loginPage = new LoginPage(request_url);\nconst { data: { accessToken } } = await loginPage.login();\nconst headers = { Authorization: `Bearer ${accessToken}` };\n\n// Get customer detail\nconst response = await request(request_url)\n  .get(`/customers/fa5e57a5-523d-477f-9808-a866fccc48c2`)\n  .set(headers)\n       \nassert(response.body).to.include.keys(\"status\",\"data\");\nassert(response.body.status).to.eql(\"success\");\nassert(response.body.data.customer.name).to.eql(\"Melati\");",
              "err": {},
              "uuid": "8beece19-073f-47f5-a087-6bf5a07d7403",
              "parentUUID": "4cb2b2ba-b1d3-4316-ba49-f4826a6ff367",
              "isHook": false,
              "skipped": false
            }
          ],
          "suites": [],
          "passes": [
            "47629d0a-1ae9-4b65-8b5c-8afacda569b0",
            "8beece19-073f-47f5-a087-6bf5a07d7403"
          ],
          "failures": [],
          "pending": [],
          "skipped": [],
          "duration": 1462,
          "root": false,
          "rootEmpty": false,
          "_timeout": 2000
        },
        {
          "uuid": "bb5724d8-2169-475b-ae64-fbee2ce387e6",
          "title": "Unit",
          "fullFile": "C:\\Users\\USER\\Documents\\sanberautoapi\\test\\api-test\\unit.test.js",
          "file": "\\test\\api-test\\unit.test.js",
          "beforeHooks": [],
          "afterHooks": [],
          "tests": [
            {
              "title": "3. Add unit successfully",
              "fullTitle": "Unit 3. Add unit successfully",
              "timedOut": false,
              "duration": 971,
              "state": "passed",
              "speed": "slow",
              "pass": true,
              "fail": false,
              "pending": false,
              "context": null,
              "code": "const loginPage = new LoginPage(request_url);\nconst { data: { accessToken } } = await loginPage.login();\nconst headers = { Authorization: `Bearer ${accessToken}` };\n\n// Add unit\nconst response = await request(request_url)\n  .post(\"/units\")\n  .set(headers)\n  .send({\n    name: \"gram\",\n    description: \"weight measurement\"\n })\n       \nassert(response.body).to.include.keys(\"status\",\"message\");\nassert(response.body.status).to.eql(\"success\");\nassert(response.body.message).to.eql(\"Unit berhasil ditambahkan\");",
              "err": {},
              "uuid": "2a1bdf31-5989-44c3-8625-a65f877d968d",
              "parentUUID": "bb5724d8-2169-475b-ae64-fbee2ce387e6",
              "isHook": false,
              "skipped": false
            },
            {
              "title": "4. Get unit detail successfully",
              "fullTitle": "Unit 4. Get unit detail successfully",
              "timedOut": false,
              "duration": 746,
              "state": "passed",
              "speed": "slow",
              "pass": true,
              "fail": false,
              "pending": false,
              "context": null,
              "code": "const loginPage = new LoginPage(request_url);\nconst { data: { accessToken } } = await loginPage.login();\nconst headers = { Authorization: `Bearer ${accessToken}` };\n\n// Get unit detail\nconst response = await request(request_url)\n  .get(`/units/3efb27e2-2e21-4cb9-b651-a90e4c9dff60`)\n  .set(headers)\n       \nassert(response.body).to.include.keys(\"status\",\"data\");\nassert(response.body.status).to.eql(\"success\");\nassert(response.body.data.unit.name).to.eql(\"gram\");",
              "err": {},
              "uuid": "747f9f89-8aa8-466c-b1cb-5c02193745f2",
              "parentUUID": "bb5724d8-2169-475b-ae64-fbee2ce387e6",
              "isHook": false,
              "skipped": false
            }
          ],
          "suites": [],
          "passes": [
            "2a1bdf31-5989-44c3-8625-a65f877d968d",
            "747f9f89-8aa8-466c-b1cb-5c02193745f2"
          ],
          "failures": [],
          "pending": [],
          "skipped": [],
          "duration": 1717,
          "root": false,
          "rootEmpty": false,
          "_timeout": 2000
        },
        {
          "uuid": "b2b80b81-b0ad-4c23-b46f-2c215eba903e",
          "title": "User",
          "fullFile": "C:\\Users\\USER\\Documents\\sanberautoapi\\test\\api-test\\user.test.js",
          "file": "\\test\\api-test\\user.test.js",
          "beforeHooks": [],
          "afterHooks": [],
          "tests": [
            {
              "title": "1. Create user successfully",
              "fullTitle": "User 1. Create user successfully",
              "timedOut": false,
              "duration": 963,
              "state": "passed",
              "speed": "slow",
              "pass": true,
              "fail": false,
              "pending": false,
              "context": null,
              "code": "const loginPage = new LoginPage(request_url);\nconst { data: { accessToken } } = await loginPage.login();\nconst headers = { Authorization: `Bearer ${accessToken}` };\n\n// Creating new user\nconst response = await request(request_url)\n  .post(\"/users\")\n  .set(headers)\n  .send({\n    name: \"kasir-serbaguna2\",\n    email: \"user2@example.com\",\n    password: \"123\"\n        })\n       \nassert(response.body).to.include.keys(\"status\",\"message\");\nassert(response.body.status).to.eql(\"success\");\nassert(response.body.message).to.eql(\"User berhasil ditambahkan\");",
              "err": {},
              "uuid": "38ddc4a7-001b-42b9-b88d-24b8f8cb6fe7",
              "parentUUID": "b2b80b81-b0ad-4c23-b46f-2c215eba903e",
              "isHook": false,
              "skipped": false
            },
            {
              "title": "2. Get user detail successfully",
              "fullTitle": "User 2. Get user detail successfully",
              "timedOut": false,
              "duration": 708,
              "state": "passed",
              "speed": "slow",
              "pass": true,
              "fail": false,
              "pending": false,
              "context": null,
              "code": "const loginPage = new LoginPage(request_url);\nconst { data: { accessToken } } = await loginPage.login();\nconst headers = { Authorization: `Bearer ${accessToken}` };\n\n// Get user detail\nconst response = await request(request_url)\n  .get(`/users/9a1236dd-ecbe-4c14-bcd2-60c202398c86`)\n  .set(headers)\n       \nassert(response.body).to.include.keys(\"status\",\"data\");\nassert(response.body.status).to.eql(\"success\");\nassert(response.body.data.user.name).to.eql(\"kasir-serbaguna2\");",
              "err": {},
              "uuid": "807ea5e6-3ad5-4dd7-a59c-bb2a9113c549",
              "parentUUID": "b2b80b81-b0ad-4c23-b46f-2c215eba903e",
              "isHook": false,
              "skipped": false
            }
          ],
          "suites": [],
          "passes": [
            "38ddc4a7-001b-42b9-b88d-24b8f8cb6fe7",
            "807ea5e6-3ad5-4dd7-a59c-bb2a9113c549"
          ],
          "failures": [],
          "pending": [],
          "skipped": [],
          "duration": 1671,
          "root": false,
          "rootEmpty": false,
          "_timeout": 2000
        }
      ],
      "passes": [],
      "failures": [],
      "pending": [],
      "skipped": [],
      "duration": 0,
      "root": true,
      "rootEmpty": true,
      "_timeout": 2000
    }
  ],
  "meta": {
    "mocha": {
      "version": "10.2.0"
    },
    "mochawesome": {
      "options": {
        "quiet": false,
        "reportFilename": "mochawesome",
        "saveHtml": true,
        "saveJson": true,
        "consoleReporter": "spec",
        "useInlineDiffs": false,
        "code": true
      },
      "version": "7.1.3"
    },
    "marge": {
      "options": null,
      "version": "6.2.0"
    }
  }
}